{"level":"error","timestamp":"2022-07-23T17:29:44.002Z"}
{"level":"error","timestamp":"2022-07-23T17:30:53.916Z"}
{"level":"error","timestamp":"2022-07-23T19:55:02.289Z"}
{"level":"error","timestamp":"2022-07-23T19:59:30.912Z"}
{"level":"error","timestamp":"2022-07-23T19:59:58.094Z"}
{"level":"error","timestamp":"2022-07-23T20:00:21.076Z"}
{"level":"error","timestamp":"2022-07-23T20:01:07.686Z"}
{"level":"error","timestamp":"2022-07-23T20:02:05.997Z"}
{"level":"error","timestamp":"2022-07-23T20:02:46.890Z"}
{"level":"error","timestamp":"2022-07-23T20:03:42.512Z"}
{"level":"error","timestamp":"2022-07-23T20:04:34.140Z"}
{"level":"error","timestamp":"2022-07-23T20:05:36.577Z"}
{"level":"error","timestamp":"2022-07-23T20:05:36.579Z"}
{"level":"error","timestamp":"2022-07-23T20:19:16.836Z"}
{"level":"error","timestamp":"2022-07-23T20:19:16.837Z"}
{"level":"error","timestamp":"2022-07-23T20:20:09.555Z"}
{"level":"error","timestamp":"2022-07-23T20:20:09.557Z"}
{"level":"error","timestamp":"2022-07-23T20:21:07.619Z"}
{"level":"error","timestamp":"2022-07-23T20:21:07.619Z"}
{"level":"error","timestamp":"2022-07-23T20:22:14.111Z"}
{"level":"error","timestamp":"2022-07-23T20:22:14.112Z"}
{"level":"error","timestamp":"2022-07-23T20:23:06.586Z"}
{"level":"error","timestamp":"2022-07-23T20:23:06.587Z"}
{"level":"error","timestamp":"2022-07-23T20:23:43.653Z"}
{"level":"error","timestamp":"2022-07-23T20:23:43.654Z"}
{"level":"error","timestamp":"2022-07-23T20:24:33.578Z"}
{"level":"error","timestamp":"2022-07-23T20:24:33.579Z"}
{"level":"error","timestamp":"2022-07-23T20:26:18.971Z"}
{"level":"error","timestamp":"2022-07-23T20:26:18.972Z"}
{"level":"error","timestamp":"2022-07-23T20:28:06.330Z"}
{"level":"error","timestamp":"2022-07-23T20:28:06.332Z"}
{"level":"error","timestamp":"2022-07-23T20:30:53.374Z"}
{"level":"error","timestamp":"2022-07-23T20:30:53.375Z"}
{"level":"error","timestamp":"2022-07-23T20:31:21.692Z"}
{"level":"error","timestamp":"2022-07-23T20:31:21.693Z"}
{"level":"error","timestamp":"2022-07-23T20:32:30.539Z"}
{"level":"error","timestamp":"2022-07-23T20:32:30.541Z"}
{"level":"error","timestamp":"2022-07-23T20:33:23.979Z"}
{"level":"error","timestamp":"2022-07-23T20:33:23.980Z"}
{"level":"error","timestamp":"2022-07-23T20:34:17.657Z"}
{"level":"error","timestamp":"2022-07-23T20:34:17.658Z"}
{"level":"error","timestamp":"2022-07-23T20:38:23.672Z"}
{"level":"error","timestamp":"2022-07-23T20:38:23.673Z"}
{"level":"error","timestamp":"2022-07-23T20:39:07.977Z"}
{"level":"error","timestamp":"2022-07-23T20:40:29.104Z"}
{"level":"error","timestamp":"2022-07-23T20:40:57.970Z"}
{"level":"error","timestamp":"2022-07-23T20:42:10.716Z"}
{"level":"error","timestamp":"2022-07-23T20:48:38.882Z"}
{"level":"error","timestamp":"2022-07-23T20:49:20.195Z"}
{"level":"error","timestamp":"2022-07-23T20:49:55.710Z"}
{"level":"error","timestamp":"2022-07-23T20:50:59.434Z"}
{"level":"error","timestamp":"2022-07-23T21:03:54.585Z"}
{"level":"error","timestamp":"2022-07-23T21:04:22.394Z"}
{"level":"error","timestamp":"2022-07-24T12:52:54.364Z"}
{"level":"error","timestamp":"2022-07-24T12:53:41.008Z"}
{"level":"error","timestamp":"2022-07-24T12:55:48.813Z"}
{"level":"error","timestamp":"2022-07-24T12:56:56.134Z"}
{"level":"error","timestamp":"2022-07-24T12:57:24.391Z"}
{"level":"error","timestamp":"2022-07-24T12:58:55.823Z"}
{"level":"error","timestamp":"2022-07-24T13:00:53.101Z"}
{"level":"error","timestamp":"2022-07-24T13:22:30.860Z"}
{"level":"error","timestamp":"2022-07-24T13:23:29.868Z"}
{"level":"error","timestamp":"2022-07-24T13:24:07.993Z"}
{"_message":"products validation failed","errors":{"id":{"kind":"required","message":"Path `id` is required.","name":"ValidatorError","path":"id","properties":{"message":"Path `id` is required.","path":"id","type":"required"}}},"level":"error","message":"products validation failed: id: Path `id` is required.","name":"ValidationError","timestamp":"2022-07-24T13:25:09.991Z"}
{"_message":"products validation failed","errors":{"id":{"kind":"required","message":"Path `id` is required.","name":"ValidatorError","path":"id","properties":{"message":"Path `id` is required.","path":"id","type":"required"}}},"level":"error","message":"products validation failed: id: Path `id` is required.","name":"ValidationError","timestamp":"2022-07-24T13:26:27.806Z"}
{"level":"error","timestamp":"2022-07-24T18:34:05.898Z"}
{"level":"error","timestamp":"2022-07-24T18:34:55.680Z"}
{"level":"error","timestamp":"2022-07-24T18:36:31.521Z"}
{"level":"error","timestamp":"2022-07-24T18:42:52.987Z"}
{"level":"error","timestamp":"2022-07-24T18:43:39.393Z"}
{"level":"error","timestamp":"2022-07-24T18:44:00.626Z"}
{"level":"error","timestamp":"2022-07-24T18:45:10.475Z"}
{"level":"error","timestamp":"2022-07-24T18:46:01.014Z"}
{"level":"error","timestamp":"2022-07-24T18:46:26.687Z"}
{"level":"error","timestamp":"2022-07-24T19:11:15.057Z"}
{"level":"error","timestamp":"2022-07-24T19:14:03.239Z"}
{"level":"error","timestamp":"2022-07-24T19:14:44.986Z"}
{"level":"error","timestamp":"2022-07-24T19:16:45.431Z"}
{"level":"error","timestamp":"2022-07-24T21:24:26.246Z"}
{"level":"error","timestamp":"2022-07-24T21:27:08.225Z"}
{"level":"error","timestamp":"2022-07-24T22:04:25.398Z"}
{"level":"error","timestamp":"2022-07-24T22:04:28.562Z"}
{"level":"error","timestamp":"2022-07-26T01:06:01.048Z"}
{"level":"error","timestamp":"2022-07-26T16:29:46.873Z"}
{"level":"error","timestamp":"2022-07-26T16:29:59.753Z"}
{"level":"error","timestamp":"2022-07-26T16:33:23.600Z"}
{"level":"error","timestamp":"2022-07-26T16:34:01.817Z"}
{"level":"error","timestamp":"2022-07-26T16:34:31.795Z"}
{"level":"error","timestamp":"2022-07-26T16:34:55.880Z"}
{"level":"error","timestamp":"2022-07-26T16:37:52.055Z"}
{"level":"error","timestamp":"2022-07-26T16:39:10.724Z"}
{"level":"error","timestamp":"2022-07-26T16:39:47.882Z"}
{"level":"error","timestamp":"2022-07-26T17:11:26.154Z"}
{"level":"error","timestamp":"2022-07-26T17:12:29.459Z"}
{"level":"error","timestamp":"2022-07-26T17:19:17.290Z"}
{"level":"error","timestamp":"2022-07-26T17:20:33.329Z"}
{"level":"error","timestamp":"2022-07-26T17:31:38.187Z"}
{"level":"error","timestamp":"2022-07-26T17:35:03.326Z"}
{"level":"error","timestamp":"2022-07-26T17:37:39.389Z"}
{"level":"error","timestamp":"2022-07-26T17:41:40.812Z"}
{"level":"error","timestamp":"2022-07-26T17:42:07.873Z"}
{"level":"error","timestamp":"2022-07-26T18:11:43.059Z"}
{"level":"error","timestamp":"2022-07-26T18:11:59.486Z"}
{"level":"error","timestamp":"2022-07-26T18:19:25.425Z"}
{"level":"error","timestamp":"2022-07-26T18:21:15.583Z"}
{"level":"error","timestamp":"2022-07-26T18:22:31.818Z"}
{"level":"error","timestamp":"2022-07-26T18:23:41.765Z"}
{"level":"error","timestamp":"2022-07-26T18:24:27.723Z"}
{"level":"error","timestamp":"2022-07-26T19:35:09.507Z"}
{"level":"error","timestamp":"2022-07-26T19:36:06.694Z"}
{"level":"error","timestamp":"2022-07-26T19:37:06.637Z"}
{"level":"error","timestamp":"2022-07-26T19:40:44.715Z"}
{"level":"error","timestamp":"2022-07-26T19:41:56.966Z"}
{"level":"error","timestamp":"2022-07-26T19:42:14.311Z"}
{"level":"error","timestamp":"2022-07-26T20:07:34.276Z"}
{"level":"error","message":"product doesn-t exists","timestamp":"2022-07-26T20:08:27.025Z"}
{"level":"error","message":"product doesn-t exists","timestamp":"2022-07-26T20:18:39.584Z"}
{"level":"error","message":"product doesn-t exists","timestamp":"2022-07-26T20:23:17.984Z"}
{"level":"error","message":"product doesn-t exists","timestamp":"2022-07-26T20:24:03.399Z"}
{"level":"error","timestamp":"2022-07-28T22:55:14.363Z"}
{"level":"error","message":"Could not connect to any servers in your MongoDB Atlas cluster. One common reason is that you're trying to access the database from an IP that isn't whitelisted. Make sure your current IP address is on your Atlas cluster's IP whitelist: https://docs.atlas.mongodb.com/security-whitelist/","reason":{"commonWireVersion":13,"compatible":true,"heartbeatFrequencyMS":10000,"localThresholdMS":15,"maxElectionId":"7fffffff0000000000000005","maxSetVersion":1,"servers":{},"setName":"atlas-3dce4g-shard-0","stale":false,"type":"ReplicaSetNoPrimary"},"timestamp":"2022-07-29T16:10:52.505Z"}
{"level":"error","timestamp":"2022-07-29T16:41:26.588Z"}
{"level":"error","timestamp":"2022-07-29T16:52:48.875Z"}
{"level":"error","timestamp":"2022-07-29T17:04:25.750Z"}
{"level":"error","timestamp":"2022-07-29T17:04:25.752Z"}
{"level":"error","timestamp":"2022-07-29T17:14:02.365Z"}
{"level":"error","timestamp":"2022-07-29T17:14:07.421Z"}
{"level":"error","timestamp":"2022-07-29T17:16:27.980Z"}
{"level":"error","timestamp":"2022-07-29T17:17:44.977Z"}
{"level":"error","timestamp":"2022-07-29T17:18:07.994Z"}
{"kind":"number","message":"Cast to number failed for value \"undefined\" (type undefined) at path \"total\"","name":"CastError","path":"total","stringValue":"\"undefined\"","valueType":"undefined"}
{"level":"error","timestamp":"2022-07-29T17:28:36.243Z"}
{"kind":"number","message":"Cast to number failed for value \"undefined\" (type undefined) at path \"total\"","name":"CastError","path":"total","stringValue":"\"undefined\"","valueType":"undefined"}
{"level":"error","timestamp":"2022-07-29T17:38:00.708Z"}
{"kind":"number","message":"Cast to number failed for value \"undefined\" (type undefined) at path \"total\"","name":"CastError","path":"total","stringValue":"\"undefined\"","valueType":"undefined"}
{"level":"error","timestamp":"2022-07-29T17:38:04.970Z"}
{"kind":"Number","message":"Cast to Number failed for value \"NaN\" (type number) at path \"total\"","name":"CastError","path":"total","reason":{"actual":false,"code":"ERR_ASSERTION","expected":true,"generatedMessage":true,"operator":"=="},"stringValue":"\"NaN\"","value":null,"valueType":"number"}
{"level":"error","timestamp":"2022-07-29T17:40:16.602Z"}
{"kind":"number","message":"Cast to number failed for value \"undefined\" (type undefined) at path \"total\"","name":"CastError","path":"total","stringValue":"\"undefined\"","valueType":"undefined"}
{"level":"error","timestamp":"2022-07-29T17:40:43.710Z"}
{"kind":"number","message":"Cast to number failed for value \"undefined\" (type undefined) at path \"total\"","name":"CastError","path":"total","stringValue":"\"undefined\"","valueType":"undefined"}
{"level":"error","timestamp":"2022-07-29T17:44:31.864Z"}
{"level":"error","timestamp":"2022-07-29T17:45:10.418Z"}
{"level":"error","timestamp":"2022-07-29T17:45:10.420Z"}
{"level":"error","timestamp":"2022-07-29T17:45:43.896Z"}
{"level":"error","timestamp":"2022-07-29T17:45:43.898Z"}
{"level":"error","timestamp":"2022-07-29T18:01:02.827Z"}
{"level":"error","timestamp":"2022-07-29T18:01:02.829Z"}
{"level":"error","timestamp":"2022-07-29T18:04:59.916Z"}
{"level":"error","timestamp":"2022-07-29T18:04:59.918Z"}
{"level":"error","timestamp":"2022-07-29T18:06:00.749Z"}
{"level":"error","timestamp":"2022-07-29T18:06:00.751Z"}
{"level":"error","timestamp":"2022-07-29T18:06:02.005Z"}
{"level":"error","timestamp":"2022-07-29T18:06:02.006Z"}
{"level":"error","timestamp":"2022-07-29T18:10:54.606Z"}
{"level":"error","timestamp":"2022-07-29T18:10:54.608Z"}
{"level":"error","timestamp":"2022-07-29T18:16:21.597Z"}
{"level":"error","timestamp":"2022-07-29T18:16:21.599Z"}
{"level":"error","timestamp":"2022-07-29T18:17:23.543Z"}
{"level":"error","timestamp":"2022-07-29T18:17:23.544Z"}
{"level":"error","timestamp":"2022-07-29T18:18:36.607Z"}
{"level":"error","timestamp":"2022-07-29T18:18:36.608Z"}
{"level":"error","timestamp":"2022-07-29T19:17:24.432Z"}
{"level":"error","timestamp":"2022-07-29T19:17:24.434Z"}
{"level":"error","timestamp":"2022-07-29T19:20:46.432Z"}
{"level":"error","timestamp":"2022-07-29T19:20:46.434Z"}
{"kind":"number","message":"Cast to number failed for value \"undefined\" (type undefined) at path \"total\"","name":"CastError","path":"total","stringValue":"\"undefined\"","valueType":"undefined"}
{"level":"error","timestamp":"2022-07-29T19:21:48.181Z"}
{"kind":"number","message":"Cast to number failed for value \"undefined\" (type undefined) at path \"total\"","name":"CastError","path":"total","stringValue":"\"undefined\"","valueType":"undefined"}
{"level":"error","timestamp":"2022-07-29T19:30:30.873Z"}
{"kind":"number","message":"Cast to number failed for value \"undefined\" (type undefined) at path \"total\"","name":"CastError","path":"total","stringValue":"\"undefined\"","valueType":"undefined"}
{"level":"error","timestamp":"2022-07-29T19:33:52.073Z"}
{"kind":"number","message":"Cast to number failed for value \"undefined\" (type undefined) at path \"total\"","name":"CastError","path":"total","stringValue":"\"undefined\"","valueType":"undefined"}
{"level":"error","timestamp":"2022-07-29T19:35:41.481Z"}
{"kind":"number","message":"Cast to number failed for value \"undefined\" (type undefined) at path \"total\"","name":"CastError","path":"total","stringValue":"\"undefined\"","valueType":"undefined"}
{"level":"error","timestamp":"2022-07-29T19:35:59.503Z"}
{"kind":"number","message":"Cast to number failed for value \"undefined\" (type undefined) at path \"total\"","name":"CastError","path":"total","stringValue":"\"undefined\"","valueType":"undefined"}
{"level":"error","timestamp":"2022-07-29T19:37:15.851Z"}
{"kind":"number","message":"Cast to number failed for value \"undefined\" (type undefined) at path \"total\"","name":"CastError","path":"total","stringValue":"\"undefined\"","valueType":"undefined"}
{"level":"error","timestamp":"2022-07-29T19:39:03.374Z"}
{"kind":"number","message":"Cast to number failed for value \"undefined\" (type undefined) at path \"total\"","name":"CastError","path":"total","stringValue":"\"undefined\"","valueType":"undefined"}
{"level":"error","timestamp":"2022-07-29T19:41:07.850Z"}
{"kind":"number","message":"Cast to number failed for value \"undefined\" (type undefined) at path \"total\"","name":"CastError","path":"total","stringValue":"\"undefined\"","valueType":"undefined"}
{"level":"error","timestamp":"2022-07-29T19:46:33.093Z"}
{"kind":"number","message":"Cast to number failed for value \"undefined\" (type undefined) at path \"total\"","name":"CastError","path":"total","stringValue":"\"undefined\"","valueType":"undefined"}
{"level":"error","timestamp":"2022-07-30T00:28:02.781Z"}
{"kind":"number","message":"Cast to number failed for value \"undefined\" (type undefined) at path \"total\"","name":"CastError","path":"total","stringValue":"\"undefined\"","valueType":"undefined"}
{"level":"error","timestamp":"2022-07-30T00:28:49.791Z"}
{"kind":"number","message":"Cast to number failed for value \"undefined\" (type undefined) at path \"total\"","name":"CastError","path":"total","stringValue":"\"undefined\"","valueType":"undefined"}
{"level":"error","timestamp":"2022-07-30T00:30:03.312Z"}
{"kind":"number","message":"Cast to number failed for value \"undefined\" (type undefined) at path \"total\"","name":"CastError","path":"total","stringValue":"\"undefined\"","valueType":"undefined"}
{"level":"error","timestamp":"2022-07-30T00:30:35.472Z"}
{"level":"error","timestamp":"2022-07-30T00:32:49.029Z"}
{"level":"error","timestamp":"2022-07-30T00:32:49.031Z"}
{"kind":"Number","message":"Cast to Number failed for value \"NaN\" (type number) at path \"total\"","name":"CastError","path":"total","reason":{"actual":false,"code":"ERR_ASSERTION","expected":true,"generatedMessage":true,"operator":"=="},"stringValue":"\"NaN\"","value":null,"valueType":"number"}
{"level":"error","timestamp":"2022-07-30T00:33:23.692Z"}
{"kind":"Number","message":"Cast to Number failed for value \"NaN\" (type number) at path \"total\"","name":"CastError","path":"total","reason":{"actual":false,"code":"ERR_ASSERTION","expected":true,"generatedMessage":true,"operator":"=="},"stringValue":"\"NaN\"","value":null,"valueType":"number"}
{"level":"error","timestamp":"2022-07-30T00:34:55.341Z"}
{"kind":"Number","message":"Cast to Number failed for value \"NaN\" (type number) at path \"total\"","name":"CastError","path":"total","reason":{"actual":false,"code":"ERR_ASSERTION","expected":true,"generatedMessage":true,"operator":"=="},"stringValue":"\"NaN\"","value":null,"valueType":"number"}
{"level":"error","timestamp":"2022-07-30T00:35:44.324Z"}
{"level":"error","timestamp":"2022-07-30T01:38:01.111Z"}
{"level":"error","timestamp":"2022-07-30T01:38:01.113Z"}
{"level":"error","timestamp":"2022-07-30T01:41:24.563Z"}
{"level":"error","timestamp":"2022-07-30T01:41:24.565Z"}
{"level":"error","timestamp":"2022-07-30T01:41:26.164Z"}
{"level":"error","timestamp":"2022-07-30T01:41:26.165Z"}
{"kind":"Number","message":"Cast to Number failed for value \"NaN\" (type number) at path \"total\"","name":"CastError","path":"total","reason":{"actual":false,"code":"ERR_ASSERTION","expected":true,"generatedMessage":true,"operator":"=="},"stringValue":"\"NaN\"","value":null,"valueType":"number"}
{"level":"error","timestamp":"2022-07-30T01:42:05.309Z"}
{"level":"error","timestamp":"2022-07-30T01:46:05.833Z"}
{"level":"error","timestamp":"2022-07-30T01:46:05.835Z"}
{"level":"error","timestamp":"2022-07-30T01:47:38.480Z"}
{"level":"error","timestamp":"2022-07-30T01:47:38.482Z"}
{"kind":"Number","message":"Cast to Number failed for value \"NaN\" (type number) at path \"total\"","name":"CastError","path":"total","reason":{"actual":false,"code":"ERR_ASSERTION","expected":true,"generatedMessage":true,"operator":"=="},"stringValue":"\"NaN\"","value":null,"valueType":"number"}
{"level":"error","timestamp":"2022-07-30T02:10:38.345Z"}
{"level":"error","timestamp":"2022-07-30T02:10:38.346Z"}
{"kind":"Number","message":"Cast to Number failed for value \"NaN\" (type number) at path \"total\"","name":"CastError","path":"total","reason":{"actual":false,"code":"ERR_ASSERTION","expected":true,"generatedMessage":true,"operator":"=="},"stringValue":"\"NaN\"","value":null,"valueType":"number"}
{"level":"error","timestamp":"2022-07-30T02:10:55.396Z"}
{"level":"error","timestamp":"2022-07-30T02:10:55.397Z"}
{"kind":"Number","message":"Cast to Number failed for value \"NaN\" (type number) at path \"total\"","name":"CastError","path":"total","reason":{"actual":false,"code":"ERR_ASSERTION","expected":true,"generatedMessage":true,"operator":"=="},"stringValue":"\"NaN\"","value":null,"valueType":"number"}
{"level":"error","timestamp":"2022-07-30T02:12:03.837Z"}
{"kind":"Number","message":"Cast to Number failed for value \"NaN\" (type number) at path \"total\"","name":"CastError","path":"total","reason":{"actual":false,"code":"ERR_ASSERTION","expected":true,"generatedMessage":true,"operator":"=="},"stringValue":"\"NaN\"","value":null,"valueType":"number"}
{"level":"error","timestamp":"2022-07-30T02:12:48.000Z"}
{"kind":"Number","message":"Cast to Number failed for value \"NaN\" (type number) at path \"total\"","name":"CastError","path":"total","reason":{"actual":false,"code":"ERR_ASSERTION","expected":true,"generatedMessage":true,"operator":"=="},"stringValue":"\"NaN\"","value":null,"valueType":"number"}
{"level":"error","timestamp":"2022-07-30T02:13:02.892Z"}
{"kind":"Number","message":"Cast to Number failed for value \"NaN\" (type number) at path \"total\"","name":"CastError","path":"total","reason":{"actual":false,"code":"ERR_ASSERTION","expected":true,"generatedMessage":true,"operator":"=="},"stringValue":"\"NaN\"","value":null,"valueType":"number"}
{"level":"error","timestamp":"2022-07-30T02:15:05.616Z"}
{"level":"error","timestamp":"2022-07-30T02:16:29.177Z"}
{"level":"error","timestamp":"2022-07-30T02:16:29.180Z"}
{"level":"error","timestamp":"2022-07-30T02:16:49.425Z"}
{"level":"error","timestamp":"2022-07-30T02:16:49.427Z"}
{"level":"error","timestamp":"2022-07-30T02:18:00.472Z"}
{"level":"error","timestamp":"2022-07-30T02:18:00.474Z"}
{"level":"error","timestamp":"2022-07-30T15:14:42.984Z"}
{"level":"error","timestamp":"2022-07-30T15:15:11.998Z"}
{"level":"error","timestamp":"2022-07-30T18:00:02.636Z"}
{"level":"error","timestamp":"2022-07-30T18:12:24.924Z"}
{"level":"error","timestamp":"2022-07-30T18:12:24.925Z"}
{"level":"error","timestamp":"2022-07-30T18:15:38.894Z"}
{"level":"error","timestamp":"2022-07-30T18:15:38.894Z"}
{"level":"error","timestamp":"2022-07-30T18:15:39.429Z"}
{"level":"error","timestamp":"2022-07-30T18:15:39.430Z"}
{"level":"error","timestamp":"2022-07-30T18:18:52.754Z"}
{"level":"error","timestamp":"2022-07-30T18:18:52.755Z"}
{"level":"error","timestamp":"2022-07-30T18:20:12.970Z"}
{"level":"error","timestamp":"2022-07-30T18:20:12.971Z"}
{"level":"error","timestamp":"2022-07-30T18:20:57.369Z"}
{"level":"error","timestamp":"2022-07-30T18:21:43.255Z"}
{"level":"error","timestamp":"2022-07-30T18:21:43.396Z"}
{"level":"error","timestamp":"2022-07-30T18:27:01.838Z"}
{"level":"error","timestamp":"2022-07-30T18:28:19.044Z"}
{"level":"error","timestamp":"2022-07-30T18:29:17.761Z"}
{"level":"error","timestamp":"2022-07-30T18:29:48.168Z"}
{"level":"error","timestamp":"2022-07-30T18:32:13.593Z"}
{"level":"error","timestamp":"2022-07-30T18:33:17.486Z"}
{"level":"error","timestamp":"2022-07-30T18:33:44.364Z"}
{"level":"error","timestamp":"2022-07-30T18:34:12.645Z"}
{"level":"error","timestamp":"2022-07-30T19:28:31.971Z"}
{"level":"error","timestamp":"2022-07-30T19:54:53.461Z"}
{"level":"error","timestamp":"2022-07-30T19:56:47.392Z"}
{"level":"error","timestamp":"2022-07-30T20:00:13.646Z"}
{"level":"error","timestamp":"2022-07-30T20:05:09.332Z"}
{"level":"error","timestamp":"2022-07-30T20:05:09.335Z"}
{"level":"error","timestamp":"2022-07-30T20:05:41.066Z"}
{"level":"error","timestamp":"2022-07-30T20:05:41.068Z"}
{"level":"error","timestamp":"2022-07-30T20:06:19.916Z"}
{"level":"error","timestamp":"2022-07-30T20:06:19.919Z"}
{"level":"error","timestamp":"2022-07-30T20:06:44.427Z"}
{"level":"error","timestamp":"2022-07-30T20:06:44.429Z"}
{"level":"error","timestamp":"2022-07-30T20:07:18.839Z"}
{"level":"error","timestamp":"2022-07-30T20:07:18.841Z"}
{"level":"error","timestamp":"2022-07-30T20:09:40.088Z"}
{"level":"error","timestamp":"2022-07-30T20:09:40.090Z"}
{"level":"error","timestamp":"2022-07-30T20:10:07.384Z"}
{"level":"error","timestamp":"2022-07-30T20:10:07.386Z"}
{"level":"error","timestamp":"2022-07-30T20:10:21.932Z"}
{"level":"error","timestamp":"2022-07-30T20:10:21.934Z"}
{"level":"error","timestamp":"2022-07-30T20:10:43.894Z"}
{"level":"error","timestamp":"2022-07-30T20:10:43.896Z"}
{"level":"error","timestamp":"2022-07-30T20:13:22.743Z"}
{"level":"error","timestamp":"2022-07-30T20:14:01.082Z"}
{"level":"error","timestamp":"2022-07-30T20:14:01.474Z"}
{"level":"error","timestamp":"2022-07-30T20:14:26.561Z"}
{"level":"error","timestamp":"2022-07-30T20:14:48.770Z"}
{"level":"error","timestamp":"2022-07-30T20:15:58.357Z"}
{"level":"error","timestamp":"2022-07-30T20:32:46.429Z"}
{"level":"error","timestamp":"2022-07-30T20:32:46.431Z"}
{"level":"error","timestamp":"2022-07-30T20:32:53.888Z"}
{"level":"error","timestamp":"2022-07-30T20:32:53.890Z"}
{"level":"error","timestamp":"2022-07-30T20:33:10.207Z"}
{"level":"error","timestamp":"2022-07-30T20:33:10.209Z"}
{"level":"error","timestamp":"2022-07-30T20:40:00.012Z"}
{"level":"error","timestamp":"2022-07-30T20:40:00.014Z"}
{"level":"error","timestamp":"2022-07-30T20:41:01.847Z"}
{"level":"error","timestamp":"2022-07-30T20:41:01.849Z"}
{"level":"error","timestamp":"2022-07-30T20:43:09.527Z"}
{"level":"error","timestamp":"2022-07-30T20:43:09.529Z"}
{"level":"error","timestamp":"2022-07-30T20:44:24.017Z"}
{"level":"error","timestamp":"2022-07-30T20:50:37.068Z"}
{"level":"error","timestamp":"2022-07-30T20:50:37.070Z"}
{"level":"error","timestamp":"2022-08-14T18:15:07.021Z"}
{"level":"error","timestamp":"2022-08-14T18:33:22.491Z"}
{"level":"error","timestamp":"2022-08-14T18:34:17.564Z"}
{"level":"error","timestamp":"2022-08-14T19:50:56.008Z"}
{"level":"error","timestamp":"2022-08-14T19:58:42.181Z"}
{"level":"error","timestamp":"2022-08-14T19:59:51.330Z"}
{"level":"error","timestamp":"2022-08-14T20:05:58.932Z"}
{"level":"error","timestamp":"2022-08-14T20:12:12.892Z"}
{"level":"error","timestamp":"2022-08-14T20:12:57.703Z"}
{"level":"error","timestamp":"2022-08-14T20:13:18.129Z"}
{"level":"error","timestamp":"2022-08-16T18:46:47.024Z"}
{"level":"error","timestamp":"2022-08-16T18:47:46.838Z"}
{"level":"error","timestamp":"2022-08-16T18:48:02.319Z"}
{"level":"error","timestamp":"2022-08-16T18:49:45.105Z"}
{"level":"error","timestamp":"2022-08-16T18:49:58.536Z"}
{"level":"error","timestamp":"2022-08-16T18:56:46.769Z"}
{"level":"error","timestamp":"2022-09-07T02:31:02.728Z"}
{"level":"error","timestamp":"2022-09-07T02:37:49.499Z"}
{"level":"error","timestamp":"2022-09-07T03:05:45.559Z"}
{"level":"error","timestamp":"2022-09-07T03:08:03.690Z"}
{"level":"error","timestamp":"2022-09-07T03:11:32.699Z"}
{"level":"error","timestamp":"2022-09-07T03:13:53.682Z"}
{"level":"error","timestamp":"2022-09-07T03:27:09.074Z"}
{"level":"error","timestamp":"2022-09-07T21:55:08.968Z"}
{"level":"error","timestamp":"2022-09-09T18:47:48.536Z"}
{"level":"error","timestamp":"2022-09-10T21:26:35.107Z"}
{"level":"error","timestamp":"2022-09-10T21:26:58.336Z"}
{"level":"error","timestamp":"2022-09-10T21:44:51.447Z"}
{"level":"error","timestamp":"2022-09-10T22:12:36.369Z"}
{"level":"error","timestamp":"2022-09-10T22:14:18.252Z"}
{"level":"error","timestamp":"2022-09-10T22:15:39.225Z"}
{"level":"error","timestamp":"2022-09-10T22:23:59.172Z"}
{"level":"error","timestamp":"2022-09-10T22:25:01.198Z"}
{"level":"error","timestamp":"2022-09-10T22:53:54.980Z"}
{"level":"error","timestamp":"2022-09-10T22:53:54.983Z"}
{"kind":"string","message":"Cast to string failed for value \"{\n  name: 'tomas',\n  surname: 'generoso',\n  email: 'tomasgeneroso90@gmail.com',\n  password: '1234',\n  address: 'asd',\n  age: '22',\n  phone: '+5493794828045'\n}\" (type Object) at path \"email\" for model \"users\"","name":"CastError","path":"email","reason":null,"stringValue":"\"{\n  name: 'tomas',\n  surname: 'generoso',\n  email: 'tomasgeneroso90@gmail.com',\n  password: '1234',\n  address: 'asd',\n  age: '22',\n  phone: '+5493794828045'\n}\"","value":{"address":"asd","age":"22","email":"tomasgeneroso90@gmail.com","name":"tomas","password":"1234","phone":"+5493794828045","surname":"generoso"},"valueType":"Object"}
{"level":"error","timestamp":"2022-09-10T22:57:00.131Z"}
{"level":"error","timestamp":"2022-09-10T23:10:27.825Z"}
{"level":"error","timestamp":"2022-09-12T22:51:50.676Z"}
{"level":"error","timestamp":"2022-09-12T22:56:31.281Z"}
{"level":"error","timestamp":"2022-09-12T23:13:02.478Z"}
{"level":"error","timestamp":"2022-09-13T18:39:18.842Z"}
{"level":"error","timestamp":"2022-09-13T18:41:12.298Z"}
{"level":"error","timestamp":"2022-09-13T18:42:09.685Z"}
{"level":"error","timestamp":"2022-09-13T18:44:14.884Z"}
{"level":"error","timestamp":"2022-09-13T18:44:28.164Z"}
{"level":"error","timestamp":"2022-09-13T18:45:51.205Z"}
{"kind":"string","message":"Cast to string failed for value \"{\n  name: 'tomas',\n  surname: 'generoso',\n  email: 'tomasgeneroso90@gmail.com',\n  password: '1234',\n  address: 'asd',\n  age: '22',\n  phone: '+5493794828045'\n}\" (type Object) at path \"email\" for model \"users\"","name":"CastError","path":"email","reason":null,"stringValue":"\"{\n  name: 'tomas',\n  surname: 'generoso',\n  email: 'tomasgeneroso90@gmail.com',\n  password: '1234',\n  address: 'asd',\n  age: '22',\n  phone: '+5493794828045'\n}\"","value":{"address":"asd","age":"22","email":"tomasgeneroso90@gmail.com","name":"tomas","password":"1234","phone":"+5493794828045","surname":"generoso"},"valueType":"Object"}
{"level":"error","timestamp":"2022-09-13T18:57:10.559Z"}
{"level":"error","originalStack":"Error\n    at model.Query._wrappedThunk [as _find] (C:\\Users\\Tomas\\Desktop\\Tomi\\Coderhouse\\EntregaFinal3\\node_modules\\mongoose\\lib\\helpers\\query\\wrapThunk.js:25:28)\n    at C:\\Users\\Tomas\\Desktop\\Tomi\\Coderhouse\\EntregaFinal3\\node_modules\\kareem\\index.js:426:25\n    at processTicksAndRejections (node:internal/process/task_queues:78:11)","timestamp":"2022-09-13T19:32:47.010Z"}
{"level":"error","originalStack":"Error\n    at model.Query._wrappedThunk [as _find] (C:\\Users\\Tomas\\Desktop\\Tomi\\Coderhouse\\EntregaFinal3\\node_modules\\mongoose\\lib\\helpers\\query\\wrapThunk.js:25:28)\n    at C:\\Users\\Tomas\\Desktop\\Tomi\\Coderhouse\\EntregaFinal3\\node_modules\\kareem\\index.js:426:25\n    at processTicksAndRejections (node:internal/process/task_queues:78:11)","timestamp":"2022-09-13T19:33:29.956Z"}
{"level":"error","timestamp":"2022-09-13T23:08:19.351Z"}
{"level":"error","timestamp":"2022-09-14T02:22:21.812Z"}
{"level":"error","timestamp":"2022-09-14T02:33:50.074Z"}
{"level":"error","timestamp":"2022-09-14T02:40:21.997Z"}
{"level":"error","timestamp":"2022-09-14T02:43:09.397Z"}
{"level":"error","timestamp":"2022-09-14T02:43:53.674Z"}
{"expiredAt":"2022-09-13T23:52:36.000Z","level":"error","message":"jwt expired","name":"TokenExpiredError","timestamp":"2022-09-14T02:46:45.830Z"}
{"expiredAt":"2022-09-13T23:52:36.000Z","level":"error","message":"jwt expired","name":"TokenExpiredError","timestamp":"2022-09-14T03:08:01.478Z"}
{"expiredAt":"2022-09-13T23:52:36.000Z","level":"error","message":"jwt expired","name":"TokenExpiredError","timestamp":"2022-09-14T03:08:08.532Z"}
{"expiredAt":"2022-09-13T23:52:36.000Z","level":"error","message":"jwt expired","name":"TokenExpiredError","timestamp":"2022-09-14T03:13:56.251Z"}
{"expiredAt":"2022-09-13T23:52:36.000Z","level":"error","message":"jwt expired","name":"TokenExpiredError","timestamp":"2022-09-14T03:49:33.624Z"}
{"level":"error","message":"error adduser saving document must have an _id before saving","stack":"MongooseError: document must have an _id before saving\n    at C:\\Users\\Tomas\\Desktop\\Tomi\\Coderhouse\\EntregaFinal3\\node_modules\\mongoose\\lib\\model.js:292:18\n    at processTicksAndRejections (node:internal/process/task_queues:78:11)","timestamp":"2022-09-15T11:21:08.844Z"}
{"level":"error","timestamp":"2022-09-15T15:28:40.694Z"}
{"level":"error","timestamp":"2022-09-15T17:11:18.435Z"}
{"level":"error","timestamp":"2022-09-15T17:23:58.514Z"}
{"level":"error","timestamp":"2022-09-15T17:23:58.520Z"}
{"level":"error","timestamp":"2022-09-15T17:24:25.947Z"}
{"level":"error","timestamp":"2022-09-15T17:26:29.502Z"}
{"level":"error","timestamp":"2022-09-15T17:26:47.099Z"}
{"level":"error","timestamp":"2022-09-15T17:26:47.103Z"}
{"expiredAt":"2022-09-15T18:11:17.000Z","level":"error","message":"jwt expired","name":"TokenExpiredError","timestamp":"2022-09-15T18:12:49.942Z"}
{"level":"error","timestamp":"2022-09-15T18:12:50.105Z"}
{"expiredAt":"2022-09-15T18:13:00.000Z","level":"error","message":"jwt expired","name":"TokenExpiredError","timestamp":"2022-09-15T18:18:48.472Z"}
{"level":"error","timestamp":"2022-09-15T18:18:48.477Z"}
{"level":"error","timestamp":"2022-09-15T21:51:04.370Z"}
{"level":"error","timestamp":"2022-09-15T21:52:35.603Z"}
{"level":"error","timestamp":"2022-09-15T21:53:05.614Z"}
{"level":"error","timestamp":"2022-09-15T21:53:05.619Z"}
{"expiredAt":"2022-09-15T21:50:20.000Z","level":"error","message":"jwt expired","name":"TokenExpiredError","timestamp":"2022-09-15T21:55:26.440Z"}
{"level":"error","timestamp":"2022-09-15T21:55:26.448Z"}
{"expiredAt":"2022-09-15T21:55:41.000Z","level":"error","message":"jwt expired","name":"TokenExpiredError","timestamp":"2022-09-15T22:01:14.370Z"}
{"level":"error","timestamp":"2022-09-15T22:01:14.375Z"}
{"expiredAt":"2022-09-15T21:55:41.000Z","level":"error","message":"jwt expired","name":"TokenExpiredError","timestamp":"2022-09-15T22:01:50.730Z"}
{"level":"error","timestamp":"2022-09-15T22:01:50.735Z"}
{"expiredAt":"2022-09-15T21:55:41.000Z","level":"error","message":"jwt expired","name":"TokenExpiredError","timestamp":"2022-09-15T22:10:49.884Z"}
{"level":"error","timestamp":"2022-09-15T22:10:49.891Z"}
{"expiredAt":"2022-09-15T22:16:24.000Z","level":"error","message":"jwt expired","name":"TokenExpiredError","timestamp":"2022-09-15T23:26:24.980Z"}
{"level":"error","timestamp":"2022-09-15T23:26:24.984Z"}
{"expiredAt":"2022-09-15T23:29:51.000Z","level":"error","message":"jwt expired","name":"TokenExpiredError","timestamp":"2022-09-15T23:38:46.670Z"}
{"level":"error","timestamp":"2022-09-15T23:38:46.676Z"}
{"level":"error","timestamp":"2022-09-16T00:13:44.151Z"}
{"level":"error","timestamp":"2022-09-16T00:15:56.159Z"}
{"level":"error","timestamp":"2022-09-16T00:16:08.900Z"}
{"level":"error","timestamp":"2022-09-16T00:18:12.229Z"}
{"level":"error","timestamp":"2022-09-16T00:18:12.234Z"}
{"level":"error","timestamp":"2022-09-16T00:18:30.770Z"}
{"level":"error","timestamp":"2022-09-16T00:25:51.651Z"}
{"level":"error","timestamp":"2022-09-16T00:25:51.656Z"}
{"level":"error","timestamp":"2022-09-16T00:26:12.143Z"}
{"level":"error","timestamp":"2022-09-16T00:27:09.985Z"}
{"level":"error","timestamp":"2022-09-16T00:30:26.183Z"}
{"level":"error","timestamp":"2022-09-16T00:30:26.187Z"}
{"level":"error","timestamp":"2022-09-16T00:30:57.196Z"}
{"level":"error","timestamp":"2022-09-16T00:31:12.641Z"}
{"level":"error","timestamp":"2022-09-16T00:31:33.858Z"}
{"level":"error","timestamp":"2022-09-16T00:31:50.744Z"}
{"level":"error","timestamp":"2022-09-16T00:31:52.256Z"}
{"level":"error","timestamp":"2022-09-16T00:32:01.568Z"}
{"level":"error","timestamp":"2022-09-16T00:33:03.664Z"}
{"level":"error","timestamp":"2022-09-16T00:34:04.322Z"}
{"level":"error","timestamp":"2022-09-16T00:34:29.774Z"}
{"level":"error","timestamp":"2022-09-16T00:34:36.459Z"}
{"level":"error","timestamp":"2022-09-16T00:34:52.564Z"}
{"level":"error","timestamp":"2022-09-16T00:35:10.422Z"}
{"level":"error","timestamp":"2022-09-16T00:35:21.268Z"}
{"level":"error","timestamp":"2022-09-16T00:36:52.006Z"}
{"level":"error","timestamp":"2022-09-16T00:38:32.565Z"}
{"level":"error","timestamp":"2022-09-16T00:39:34.143Z"}
{"level":"error","timestamp":"2022-09-16T00:43:45.614Z"}
{"level":"error","timestamp":"2022-09-16T00:44:15.310Z"}
{"level":"error","timestamp":"2022-09-16T00:45:15.023Z"}
{"level":"error","timestamp":"2022-09-16T00:46:03.171Z"}
{"level":"error","timestamp":"2022-09-16T00:46:09.719Z"}
{"level":"error","timestamp":"2022-09-16T00:46:34.214Z"}
{"level":"error","timestamp":"2022-09-16T00:46:43.167Z"}
{"level":"error","timestamp":"2022-09-16T01:09:50.877Z"}
{"level":"error","timestamp":"2022-09-16T01:10:27.248Z"}
{"level":"error","timestamp":"2022-09-16T01:10:46.468Z"}
{"level":"error","timestamp":"2022-09-16T01:11:03.954Z"}
{"level":"error","timestamp":"2022-09-16T01:14:00.228Z"}
{"level":"error","timestamp":"2022-09-16T01:14:13.513Z"}
{"level":"error","timestamp":"2022-09-16T01:14:22.708Z"}
{"level":"error","timestamp":"2022-09-16T01:14:42.448Z"}
{"level":"error","timestamp":"2022-09-16T01:18:37.116Z"}
{"level":"error","timestamp":"2022-09-16T01:18:41.507Z"}
{"level":"error","timestamp":"2022-09-16T01:19:27.889Z"}
{"level":"error","timestamp":"2022-09-16T01:19:51.006Z"}
{"level":"error","timestamp":"2022-09-16T01:20:12.944Z"}
{"level":"error","timestamp":"2022-09-16T01:20:57.840Z"}
{"level":"error","timestamp":"2022-09-16T01:24:39.861Z"}
{"level":"error","timestamp":"2022-09-16T01:25:04.345Z"}
{"level":"error","timestamp":"2022-09-16T01:25:11.535Z"}
{"level":"error","timestamp":"2022-09-16T01:25:33.742Z"}
{"level":"error","timestamp":"2022-09-16T01:25:42.743Z"}
{"level":"error","timestamp":"2022-09-16T01:25:59.470Z"}
{"level":"error","timestamp":"2022-09-16T01:26:29.010Z"}
{"level":"error","timestamp":"2022-09-16T01:28:03.384Z"}
{"level":"error","timestamp":"2022-09-16T01:28:31.031Z"}
{"level":"error","timestamp":"2022-09-16T01:29:37.662Z"}
{"level":"error","timestamp":"2022-09-16T01:30:54.974Z"}
{"level":"error","timestamp":"2022-09-16T01:47:20.425Z"}
{"level":"error","timestamp":"2022-09-16T01:48:03.755Z"}
{"level":"error","timestamp":"2022-09-16T01:48:22.191Z"}
{"level":"error","timestamp":"2022-09-16T01:48:42.496Z"}
{"level":"error","timestamp":"2022-09-16T01:48:59.034Z"}
{"level":"error","timestamp":"2022-09-16T01:50:04.513Z"}
{"level":"error","timestamp":"2022-09-16T01:54:43.325Z"}
{"level":"error","timestamp":"2022-09-16T01:55:11.958Z"}
{"level":"error","timestamp":"2022-09-16T01:55:29.121Z"}
{"level":"error","timestamp":"2022-09-16T01:57:19.425Z"}
{"level":"error","timestamp":"2022-09-16T01:57:32.550Z"}
{"level":"error","timestamp":"2022-09-16T01:58:34.380Z"}
{"level":"error","timestamp":"2022-09-16T01:59:34.443Z"}
{"level":"error","timestamp":"2022-09-16T02:02:04.859Z"}
{"level":"error","timestamp":"2022-09-16T02:02:30.367Z"}
{"level":"error","timestamp":"2022-09-16T02:02:51.207Z"}
{"level":"error","timestamp":"2022-09-16T02:03:08.543Z"}
{"level":"error","timestamp":"2022-09-16T02:08:13.683Z"}
{"level":"error","timestamp":"2022-09-16T02:09:56.256Z"}
{"level":"error","timestamp":"2022-09-16T02:21:22.569Z"}
{"level":"error","timestamp":"2022-09-17T19:47:03.718Z"}
{"level":"error","timestamp":"2022-09-17T20:41:25.335Z"}
{"level":"error","timestamp":"2022-09-18T19:13:05.651Z"}
{"level":"error","timestamp":"2022-09-18T21:06:23.859Z"}
{"level":"error","timestamp":"2022-09-18T21:13:13.731Z"}
{"level":"error","timestamp":"2022-09-18T21:14:15.090Z"}
{"level":"error","timestamp":"2022-09-18T21:14:57.534Z"}
{"level":"error","timestamp":"2022-09-18T21:23:42.040Z"}
{"level":"error","timestamp":"2022-09-18T22:19:26.817Z"}
{"level":"error","timestamp":"2022-09-18T22:27:07.908Z"}
{"level":"error","timestamp":"2022-09-18T22:31:01.606Z"}
{"level":"error","timestamp":"2022-09-18T22:31:54.147Z"}
{"level":"error","timestamp":"2022-09-18T22:32:17.735Z"}
{"level":"error","timestamp":"2022-09-18T22:33:40.491Z"}
